Connecting to database specified by database.yml
Connecting to database specified by database.yml
Connecting to database specified by database.yml
Connecting to database specified by database.yml
Connecting to database specified by database.yml
  [1m[36m (676.2ms)[0m  [1mCREATE TABLE `schema_migrations` (`version` varchar(255) NOT NULL) ENGINE=InnoDB[0m
  [1m[35m (623.1ms)[0m  CREATE UNIQUE INDEX `unique_schema_migrations` ON `schema_migrations` (`version`)
  [1m[36m (14.8ms)[0m  [1mSELECT `schema_migrations`.`version` FROM `schema_migrations` [0m
Migrating to CreateMessages (20120728235754)
  [1m[35m (322.1ms)[0m  CREATE TABLE `messages` (`id` int(11) DEFAULT NULL auto_increment PRIMARY KEY, `user_id` int(11), `room_id` int(11), `message` varchar(255), `created_at` datetime NOT NULL, `updated_at` datetime NOT NULL) ENGINE=InnoDB
  [1m[36m (34.4ms)[0m  [1mINSERT INTO `schema_migrations` (`version`) VALUES ('20120728235754')[0m
Migrating to CreateUsers (20120729000029)
  [1m[35m (284.9ms)[0m  CREATE TABLE `users` (`id` int(11) DEFAULT NULL auto_increment PRIMARY KEY, `username` varchar(255), `password` varchar(255), `ip` varchar(255), `created_at` datetime NOT NULL, `updated_at` datetime NOT NULL) ENGINE=InnoDB
  [1m[36m (0.5ms)[0m  [1mINSERT INTO `schema_migrations` (`version`) VALUES ('20120729000029')[0m
Migrating to CreateRooms (20120729000036)
  [1m[35m (217.9ms)[0m  CREATE TABLE `rooms` (`id` int(11) DEFAULT NULL auto_increment PRIMARY KEY, `name` varchar(255), `created_at` datetime NOT NULL, `updated_at` datetime NOT NULL) ENGINE=InnoDB
  [1m[36m (0.5ms)[0m  [1mINSERT INTO `schema_migrations` (`version`) VALUES ('20120729000036')[0m
  [1m[35m (0.2ms)[0m  SELECT `schema_migrations`.`version` FROM `schema_migrations` 


Started GET "/assets/rails.png" for 127.0.0.1 at 2012-07-28 21:43:55 -0400

ActiveRecord::ConnectionNotEstablished (ActiveRecord::ConnectionNotEstablished):
  activerecord (3.2.6) lib/active_record/connection_adapters/abstract/connection_pool.rb:404:in `retrieve_connection'
  activerecord (3.2.6) lib/active_record/connection_adapters/abstract/connection_specification.rb:168:in `retrieve_connection'
  activerecord (3.2.6) lib/active_record/connection_adapters/abstract/connection_specification.rb:142:in `connection'
  activerecord (3.2.6) lib/active_record/query_cache.rb:67:in `rescue in call'
  activerecord (3.2.6) lib/active_record/query_cache.rb:61:in `call'
  activerecord (3.2.6) lib/active_record/connection_adapters/abstract/connection_pool.rb:473:in `call'
  actionpack (3.2.6) lib/action_dispatch/middleware/callbacks.rb:28:in `block in call'
  activesupport (3.2.6) lib/active_support/callbacks.rb:405:in `_run__1511151831091000698__call__3340573387450988715__callbacks'
  activesupport (3.2.6) lib/active_support/callbacks.rb:405:in `__run_callback'
  activesupport (3.2.6) lib/active_support/callbacks.rb:385:in `_run_call_callbacks'
  activesupport (3.2.6) lib/active_support/callbacks.rb:81:in `run_callbacks'
  actionpack (3.2.6) lib/action_dispatch/middleware/callbacks.rb:27:in `call'
  actionpack (3.2.6) lib/action_dispatch/middleware/reloader.rb:65:in `call'
  actionpack (3.2.6) lib/action_dispatch/middleware/remote_ip.rb:31:in `call'
  actionpack (3.2.6) lib/action_dispatch/middleware/debug_exceptions.rb:16:in `call'
  actionpack (3.2.6) lib/action_dispatch/middleware/show_exceptions.rb:56:in `call'
  railties (3.2.6) lib/rails/rack/logger.rb:26:in `call_app'
  railties (3.2.6) lib/rails/rack/logger.rb:16:in `call'
  actionpack (3.2.6) lib/action_dispatch/middleware/request_id.rb:22:in `call'
  rack (1.4.1) lib/rack/methodoverride.rb:21:in `call'
  rack (1.4.1) lib/rack/runtime.rb:17:in `call'
  activesupport (3.2.6) lib/active_support/cache/strategy/local_cache.rb:72:in `call'
  rack (1.4.1) lib/rack/lock.rb:15:in `call'
  actionpack (3.2.6) lib/action_dispatch/middleware/static.rb:62:in `call'
  railties (3.2.6) lib/rails/engine.rb:479:in `call'
  railties (3.2.6) lib/rails/application.rb:220:in `call'
  rack (1.4.1) lib/rack/content_length.rb:14:in `call'
  railties (3.2.6) lib/rails/rack/log_tailer.rb:17:in `call'
  rack (1.4.1) lib/rack/handler/webrick.rb:59:in `service'
  /usr/local/rvm/rubies/ruby-1.9.3-p194/lib/ruby/1.9.1/webrick/httpserver.rb:138:in `service'
  /usr/local/rvm/rubies/ruby-1.9.3-p194/lib/ruby/1.9.1/webrick/httpserver.rb:94:in `run'
  /usr/local/rvm/rubies/ruby-1.9.3-p194/lib/ruby/1.9.1/webrick/server.rb:191:in `block in start_thread'


  Rendered /usr/local/rvm/gems/ruby-1.9.3-p194/gems/actionpack-3.2.6/lib/action_dispatch/middleware/templates/rescues/_trace.erb (2.7ms)
  Rendered /usr/local/rvm/gems/ruby-1.9.3-p194/gems/actionpack-3.2.6/lib/action_dispatch/middleware/templates/rescues/_request_and_response.erb (18.0ms)
  Rendered /usr/local/rvm/gems/ruby-1.9.3-p194/gems/actionpack-3.2.6/lib/action_dispatch/middleware/templates/rescues/diagnostics.erb within rescues/layout (41.9ms)


Started GET "/chat/index" for 127.0.0.1 at 2012-07-28 21:44:00 -0400

ActiveRecord::ConnectionNotEstablished (ActiveRecord::ConnectionNotEstablished):
  activerecord (3.2.6) lib/active_record/connection_adapters/abstract/connection_pool.rb:404:in `retrieve_connection'
  activerecord (3.2.6) lib/active_record/connection_adapters/abstract/connection_specification.rb:168:in `retrieve_connection'
  activerecord (3.2.6) lib/active_record/connection_adapters/abstract/connection_specification.rb:142:in `connection'
  activerecord (3.2.6) lib/active_record/query_cache.rb:67:in `rescue in call'
  activerecord (3.2.6) lib/active_record/query_cache.rb:61:in `call'
  activerecord (3.2.6) lib/active_record/connection_adapters/abstract/connection_pool.rb:473:in `call'
  actionpack (3.2.6) lib/action_dispatch/middleware/callbacks.rb:28:in `block in call'
  activesupport (3.2.6) lib/active_support/callbacks.rb:405:in `_run__1511151831091000698__call__3340573387450988715__callbacks'
  activesupport (3.2.6) lib/active_support/callbacks.rb:405:in `__run_callback'
  activesupport (3.2.6) lib/active_support/callbacks.rb:385:in `_run_call_callbacks'
  activesupport (3.2.6) lib/active_support/callbacks.rb:81:in `run_callbacks'
  actionpack (3.2.6) lib/action_dispatch/middleware/callbacks.rb:27:in `call'
  actionpack (3.2.6) lib/action_dispatch/middleware/reloader.rb:65:in `call'
  actionpack (3.2.6) lib/action_dispatch/middleware/remote_ip.rb:31:in `call'
  actionpack (3.2.6) lib/action_dispatch/middleware/debug_exceptions.rb:16:in `call'
  actionpack (3.2.6) lib/action_dispatch/middleware/show_exceptions.rb:56:in `call'
  railties (3.2.6) lib/rails/rack/logger.rb:26:in `call_app'
  railties (3.2.6) lib/rails/rack/logger.rb:16:in `call'
  actionpack (3.2.6) lib/action_dispatch/middleware/request_id.rb:22:in `call'
  rack (1.4.1) lib/rack/methodoverride.rb:21:in `call'
  rack (1.4.1) lib/rack/runtime.rb:17:in `call'
  activesupport (3.2.6) lib/active_support/cache/strategy/local_cache.rb:72:in `call'
  rack (1.4.1) lib/rack/lock.rb:15:in `call'
  actionpack (3.2.6) lib/action_dispatch/middleware/static.rb:62:in `call'
  railties (3.2.6) lib/rails/engine.rb:479:in `call'
  railties (3.2.6) lib/rails/application.rb:220:in `call'
  rack (1.4.1) lib/rack/content_length.rb:14:in `call'
  railties (3.2.6) lib/rails/rack/log_tailer.rb:17:in `call'
  rack (1.4.1) lib/rack/handler/webrick.rb:59:in `service'
  /usr/local/rvm/rubies/ruby-1.9.3-p194/lib/ruby/1.9.1/webrick/httpserver.rb:138:in `service'
  /usr/local/rvm/rubies/ruby-1.9.3-p194/lib/ruby/1.9.1/webrick/httpserver.rb:94:in `run'
  /usr/local/rvm/rubies/ruby-1.9.3-p194/lib/ruby/1.9.1/webrick/server.rb:191:in `block in start_thread'


  Rendered /usr/local/rvm/gems/ruby-1.9.3-p194/gems/actionpack-3.2.6/lib/action_dispatch/middleware/templates/rescues/_trace.erb (2.8ms)
  Rendered /usr/local/rvm/gems/ruby-1.9.3-p194/gems/actionpack-3.2.6/lib/action_dispatch/middleware/templates/rescues/_request_and_response.erb (1.5ms)
  Rendered /usr/local/rvm/gems/ruby-1.9.3-p194/gems/actionpack-3.2.6/lib/action_dispatch/middleware/templates/rescues/diagnostics.erb within rescues/layout (11.2ms)


Started GET "/chat/" for 127.0.0.1 at 2012-07-28 21:44:04 -0400

ActiveRecord::ConnectionNotEstablished (ActiveRecord::ConnectionNotEstablished):
  activerecord (3.2.6) lib/active_record/connection_adapters/abstract/connection_pool.rb:404:in `retrieve_connection'
  activerecord (3.2.6) lib/active_record/connection_adapters/abstract/connection_specification.rb:168:in `retrieve_connection'
  activerecord (3.2.6) lib/active_record/connection_adapters/abstract/connection_specification.rb:142:in `connection'
  activerecord (3.2.6) lib/active_record/query_cache.rb:67:in `rescue in call'
  activerecord (3.2.6) lib/active_record/query_cache.rb:61:in `call'
  activerecord (3.2.6) lib/active_record/connection_adapters/abstract/connection_pool.rb:473:in `call'
  actionpack (3.2.6) lib/action_dispatch/middleware/callbacks.rb:28:in `block in call'
  activesupport (3.2.6) lib/active_support/callbacks.rb:405:in `_run__1511151831091000698__call__3340573387450988715__callbacks'
  activesupport (3.2.6) lib/active_support/callbacks.rb:405:in `__run_callback'
  activesupport (3.2.6) lib/active_support/callbacks.rb:385:in `_run_call_callbacks'
  activesupport (3.2.6) lib/active_support/callbacks.rb:81:in `run_callbacks'
  actionpack (3.2.6) lib/action_dispatch/middleware/callbacks.rb:27:in `call'
  actionpack (3.2.6) lib/action_dispatch/middleware/reloader.rb:65:in `call'
  actionpack (3.2.6) lib/action_dispatch/middleware/remote_ip.rb:31:in `call'
  actionpack (3.2.6) lib/action_dispatch/middleware/debug_exceptions.rb:16:in `call'
  actionpack (3.2.6) lib/action_dispatch/middleware/show_exceptions.rb:56:in `call'
  railties (3.2.6) lib/rails/rack/logger.rb:26:in `call_app'
  railties (3.2.6) lib/rails/rack/logger.rb:16:in `call'
  actionpack (3.2.6) lib/action_dispatch/middleware/request_id.rb:22:in `call'
  rack (1.4.1) lib/rack/methodoverride.rb:21:in `call'
  rack (1.4.1) lib/rack/runtime.rb:17:in `call'
  activesupport (3.2.6) lib/active_support/cache/strategy/local_cache.rb:72:in `call'
  rack (1.4.1) lib/rack/lock.rb:15:in `call'
  actionpack (3.2.6) lib/action_dispatch/middleware/static.rb:62:in `call'
  railties (3.2.6) lib/rails/engine.rb:479:in `call'
  railties (3.2.6) lib/rails/application.rb:220:in `call'
  rack (1.4.1) lib/rack/content_length.rb:14:in `call'
  railties (3.2.6) lib/rails/rack/log_tailer.rb:17:in `call'
  rack (1.4.1) lib/rack/handler/webrick.rb:59:in `service'
  /usr/local/rvm/rubies/ruby-1.9.3-p194/lib/ruby/1.9.1/webrick/httpserver.rb:138:in `service'
  /usr/local/rvm/rubies/ruby-1.9.3-p194/lib/ruby/1.9.1/webrick/httpserver.rb:94:in `run'
  /usr/local/rvm/rubies/ruby-1.9.3-p194/lib/ruby/1.9.1/webrick/server.rb:191:in `block in start_thread'


  Rendered /usr/local/rvm/gems/ruby-1.9.3-p194/gems/actionpack-3.2.6/lib/action_dispatch/middleware/templates/rescues/_trace.erb (3.9ms)
  Rendered /usr/local/rvm/gems/ruby-1.9.3-p194/gems/actionpack-3.2.6/lib/action_dispatch/middleware/templates/rescues/_request_and_response.erb (1.8ms)
  Rendered /usr/local/rvm/gems/ruby-1.9.3-p194/gems/actionpack-3.2.6/lib/action_dispatch/middleware/templates/rescues/diagnostics.erb within rescues/layout (14.3ms)


Started GET "/chat/" for 127.0.0.1 at 2012-07-28 21:47:44 -0400
Connecting to database specified by database.yml

SyntaxError (/Users/orthogonal/Desktop/Programming/chatapp1/app/controllers/chat_controller.rb:5: syntax error, unexpected tASSOC, expecting ')'
    render (:action => "index")
                      ^
/Users/orthogonal/Desktop/Programming/chatapp1/app/controllers/chat_controller.rb:5: syntax error, unexpected ')', expecting keyword_end
/Users/orthogonal/Desktop/Programming/chatapp1/app/controllers/chat_controller.rb:23: syntax error, unexpected $end, expecting keyword_end):
  activesupport (3.2.6) lib/active_support/dependencies.rb:469:in `load'
  activesupport (3.2.6) lib/active_support/dependencies.rb:469:in `block in load_file'
  activesupport (3.2.6) lib/active_support/dependencies.rb:639:in `new_constants_in'
  activesupport (3.2.6) lib/active_support/dependencies.rb:468:in `load_file'
  activesupport (3.2.6) lib/active_support/dependencies.rb:353:in `require_or_load'
  activesupport (3.2.6) lib/active_support/dependencies.rb:502:in `load_missing_constant'
  activesupport (3.2.6) lib/active_support/dependencies.rb:192:in `block in const_missing'
  activesupport (3.2.6) lib/active_support/dependencies.rb:190:in `each'
  activesupport (3.2.6) lib/active_support/dependencies.rb:190:in `const_missing'
  activesupport (3.2.6) lib/active_support/inflector/methods.rb:229:in `block in constantize'
  activesupport (3.2.6) lib/active_support/inflector/methods.rb:228:in `each'
  activesupport (3.2.6) lib/active_support/inflector/methods.rb:228:in `constantize'
  activesupport (3.2.6) lib/active_support/dependencies.rb:554:in `get'
  actionpack (3.2.6) lib/action_dispatch/routing/route_set.rb:69:in `controller_reference'
  actionpack (3.2.6) lib/action_dispatch/routing/route_set.rb:54:in `controller'
  actionpack (3.2.6) lib/action_dispatch/routing/route_set.rb:32:in `call'
  journey (1.0.4) lib/journey/router.rb:68:in `block in call'
  journey (1.0.4) lib/journey/router.rb:56:in `each'
  journey (1.0.4) lib/journey/router.rb:56:in `call'
  actionpack (3.2.6) lib/action_dispatch/routing/route_set.rb:600:in `call'
  actionpack (3.2.6) lib/action_dispatch/middleware/best_standards_support.rb:17:in `call'
  rack (1.4.1) lib/rack/etag.rb:23:in `call'
  rack (1.4.1) lib/rack/conditionalget.rb:25:in `call'
  actionpack (3.2.6) lib/action_dispatch/middleware/head.rb:14:in `call'
  actionpack (3.2.6) lib/action_dispatch/middleware/params_parser.rb:21:in `call'
  actionpack (3.2.6) lib/action_dispatch/middleware/flash.rb:242:in `call'
  rack (1.4.1) lib/rack/session/abstract/id.rb:205:in `context'
  rack (1.4.1) lib/rack/session/abstract/id.rb:200:in `call'
  actionpack (3.2.6) lib/action_dispatch/middleware/cookies.rb:338:in `call'
  activerecord (3.2.6) lib/active_record/query_cache.rb:64:in `call'
  activerecord (3.2.6) lib/active_record/connection_adapters/abstract/connection_pool.rb:473:in `call'
  actionpack (3.2.6) lib/action_dispatch/middleware/callbacks.rb:28:in `block in call'
  activesupport (3.2.6) lib/active_support/callbacks.rb:405:in `_run__4134200121219700153__call__1412770197554311785__callbacks'
  activesupport (3.2.6) lib/active_support/callbacks.rb:405:in `__run_callback'
  activesupport (3.2.6) lib/active_support/callbacks.rb:385:in `_run_call_callbacks'
  activesupport (3.2.6) lib/active_support/callbacks.rb:81:in `run_callbacks'
  actionpack (3.2.6) lib/action_dispatch/middleware/callbacks.rb:27:in `call'
  actionpack (3.2.6) lib/action_dispatch/middleware/reloader.rb:65:in `call'
  actionpack (3.2.6) lib/action_dispatch/middleware/remote_ip.rb:31:in `call'
  actionpack (3.2.6) lib/action_dispatch/middleware/debug_exceptions.rb:16:in `call'
  actionpack (3.2.6) lib/action_dispatch/middleware/show_exceptions.rb:56:in `call'
  railties (3.2.6) lib/rails/rack/logger.rb:26:in `call_app'
  railties (3.2.6) lib/rails/rack/logger.rb:16:in `call'
  actionpack (3.2.6) lib/action_dispatch/middleware/request_id.rb:22:in `call'
  rack (1.4.1) lib/rack/methodoverride.rb:21:in `call'
  rack (1.4.1) lib/rack/runtime.rb:17:in `call'
  activesupport (3.2.6) lib/active_support/cache/strategy/local_cache.rb:72:in `call'
  rack (1.4.1) lib/rack/lock.rb:15:in `call'
  actionpack (3.2.6) lib/action_dispatch/middleware/static.rb:62:in `call'
  railties (3.2.6) lib/rails/engine.rb:479:in `call'
  railties (3.2.6) lib/rails/application.rb:220:in `call'
  rack (1.4.1) lib/rack/content_length.rb:14:in `call'
  railties (3.2.6) lib/rails/rack/log_tailer.rb:17:in `call'
  rack (1.4.1) lib/rack/handler/webrick.rb:59:in `service'
  /usr/local/rvm/rubies/ruby-1.9.3-p194/lib/ruby/1.9.1/webrick/httpserver.rb:138:in `service'
  /usr/local/rvm/rubies/ruby-1.9.3-p194/lib/ruby/1.9.1/webrick/httpserver.rb:94:in `run'
  /usr/local/rvm/rubies/ruby-1.9.3-p194/lib/ruby/1.9.1/webrick/server.rb:191:in `block in start_thread'


  Rendered /usr/local/rvm/gems/ruby-1.9.3-p194/gems/actionpack-3.2.6/lib/action_dispatch/middleware/templates/rescues/_trace.erb (3.7ms)
  Rendered /usr/local/rvm/gems/ruby-1.9.3-p194/gems/actionpack-3.2.6/lib/action_dispatch/middleware/templates/rescues/_request_and_response.erb (2.7ms)
  Rendered /usr/local/rvm/gems/ruby-1.9.3-p194/gems/actionpack-3.2.6/lib/action_dispatch/middleware/templates/rescues/diagnostics.erb within rescues/layout (15.2ms)


Started GET "/chat/" for 127.0.0.1 at 2012-07-28 21:48:56 -0400

LoadError (cannot load such file -- pusher):
  app/controllers/chat_controller.rb:2:in `<class:ChatController>'
  app/controllers/chat_controller.rb:1:in `<top (required)>'


  Rendered /usr/local/rvm/gems/ruby-1.9.3-p194/gems/actionpack-3.2.6/lib/action_dispatch/middleware/templates/rescues/_trace.erb (3.8ms)
  Rendered /usr/local/rvm/gems/ruby-1.9.3-p194/gems/actionpack-3.2.6/lib/action_dispatch/middleware/templates/rescues/_request_and_response.erb (1.2ms)
  Rendered /usr/local/rvm/gems/ruby-1.9.3-p194/gems/actionpack-3.2.6/lib/action_dispatch/middleware/templates/rescues/diagnostics.erb within rescues/layout (11.9ms)


Started GET "/chat/" for 127.0.0.1 at 2012-07-28 21:57:12 -0400
Processing by ChatController#index as HTML
  Rendered chat/index.html.erb within layouts/application (0.4ms)
Compiled chat.css  (129ms)  (pid 22761)
Compiled application.css  (194ms)  (pid 22761)
Compiled jquery.js  (3ms)  (pid 22761)
Compiled jquery_ujs.js  (1ms)  (pid 22761)
Compiled chat.js  (1080ms)  (pid 22761)
Compiled application.js  (1227ms)  (pid 22761)
Completed 200 OK in 1662ms (Views: 1661.1ms | ActiveRecord: 0.0ms)


Started GET "/assets/application.css?body=1" for 127.0.0.1 at 2012-07-28 21:57:14 -0400
Served asset /application.css - 200 OK (15ms)


Started GET "/assets/chat.css?body=1" for 127.0.0.1 at 2012-07-28 21:57:14 -0400
Served asset /chat.css - 200 OK (6ms)


Started GET "/assets/jquery_ujs.js?body=1" for 127.0.0.1 at 2012-07-28 21:57:14 -0400
Served asset /jquery_ujs.js - 200 OK (2ms)


Started GET "/assets/jquery.js?body=1" for 127.0.0.1 at 2012-07-28 21:57:14 -0400
Served asset /jquery.js - 200 OK (34ms)


Started GET "/assets/chat.js?body=1" for 127.0.0.1 at 2012-07-28 21:57:14 -0400
Served asset /chat.js - 200 OK (2ms)


Started GET "/assets/application.js?body=1" for 127.0.0.1 at 2012-07-28 21:57:14 -0400
Served asset /application.js - 200 OK (7ms)


Started GET "/chat/" for 127.0.0.1 at 2012-07-28 21:58:06 -0400
Connecting to database specified by database.yml
Processing by ChatController#index as HTML
  Rendered chat/index.html.erb within layouts/application (23.4ms)
Completed 200 OK in 88ms (Views: 87.3ms | ActiveRecord: 0.0ms)


Started POST "/new_message" for 127.0.0.1 at 2012-07-28 21:58:08 -0400

ActionController::RoutingError (No route matches [POST] "/new_message"):
  actionpack (3.2.6) lib/action_dispatch/middleware/debug_exceptions.rb:21:in `call'
  actionpack (3.2.6) lib/action_dispatch/middleware/show_exceptions.rb:56:in `call'
  railties (3.2.6) lib/rails/rack/logger.rb:26:in `call_app'
  railties (3.2.6) lib/rails/rack/logger.rb:16:in `call'
  actionpack (3.2.6) lib/action_dispatch/middleware/request_id.rb:22:in `call'
  rack (1.4.1) lib/rack/methodoverride.rb:21:in `call'
  rack (1.4.1) lib/rack/runtime.rb:17:in `call'
  activesupport (3.2.6) lib/active_support/cache/strategy/local_cache.rb:72:in `call'
  rack (1.4.1) lib/rack/lock.rb:15:in `call'
  actionpack (3.2.6) lib/action_dispatch/middleware/static.rb:62:in `call'
  railties (3.2.6) lib/rails/engine.rb:479:in `call'
  railties (3.2.6) lib/rails/application.rb:220:in `call'
  rack (1.4.1) lib/rack/content_length.rb:14:in `call'
  railties (3.2.6) lib/rails/rack/log_tailer.rb:17:in `call'
  rack (1.4.1) lib/rack/handler/webrick.rb:59:in `service'
  /usr/local/rvm/rubies/ruby-1.9.3-p194/lib/ruby/1.9.1/webrick/httpserver.rb:138:in `service'
  /usr/local/rvm/rubies/ruby-1.9.3-p194/lib/ruby/1.9.1/webrick/httpserver.rb:94:in `run'
  /usr/local/rvm/rubies/ruby-1.9.3-p194/lib/ruby/1.9.1/webrick/server.rb:191:in `block in start_thread'


  Rendered /usr/local/rvm/gems/ruby-1.9.3-p194/gems/actionpack-3.2.6/lib/action_dispatch/middleware/templates/rescues/routing_error.erb within rescues/layout (1.9ms)


Started POST "/new_message" for 127.0.0.1 at 2012-07-28 22:02:54 -0400

ActionController::RoutingError (No route matches [POST] "/new_message"):
  actionpack (3.2.6) lib/action_dispatch/middleware/debug_exceptions.rb:21:in `call'
  actionpack (3.2.6) lib/action_dispatch/middleware/show_exceptions.rb:56:in `call'
  railties (3.2.6) lib/rails/rack/logger.rb:26:in `call_app'
  railties (3.2.6) lib/rails/rack/logger.rb:16:in `call'
  actionpack (3.2.6) lib/action_dispatch/middleware/request_id.rb:22:in `call'
  rack (1.4.1) lib/rack/methodoverride.rb:21:in `call'
  rack (1.4.1) lib/rack/runtime.rb:17:in `call'
  activesupport (3.2.6) lib/active_support/cache/strategy/local_cache.rb:72:in `call'
  rack (1.4.1) lib/rack/lock.rb:15:in `call'
  actionpack (3.2.6) lib/action_dispatch/middleware/static.rb:62:in `call'
  railties (3.2.6) lib/rails/engine.rb:479:in `call'
  railties (3.2.6) lib/rails/application.rb:220:in `call'
  rack (1.4.1) lib/rack/content_length.rb:14:in `call'
  railties (3.2.6) lib/rails/rack/log_tailer.rb:17:in `call'
  rack (1.4.1) lib/rack/handler/webrick.rb:59:in `service'
  /usr/local/rvm/rubies/ruby-1.9.3-p194/lib/ruby/1.9.1/webrick/httpserver.rb:138:in `service'
  /usr/local/rvm/rubies/ruby-1.9.3-p194/lib/ruby/1.9.1/webrick/httpserver.rb:94:in `run'
  /usr/local/rvm/rubies/ruby-1.9.3-p194/lib/ruby/1.9.1/webrick/server.rb:191:in `block in start_thread'


  Rendered /usr/local/rvm/gems/ruby-1.9.3-p194/gems/actionpack-3.2.6/lib/action_dispatch/middleware/templates/rescues/routing_error.erb within rescues/layout (0.7ms)


Started GET "/chat/" for 127.0.0.1 at 2012-07-28 22:02:57 -0400
Processing by ChatController#index as HTML
  Rendered chat/index.html.erb within layouts/application (0.7ms)
Completed 200 OK in 47ms (Views: 46.1ms | ActiveRecord: 0.0ms)


Started POST "/chat/newmessage" for 127.0.0.1 at 2012-07-28 22:02:58 -0400

AbstractController::ActionNotFound (The action 'newmessage' could not be found for ChatController):
  actionpack (3.2.6) lib/abstract_controller/base.rb:116:in `process'
  actionpack (3.2.6) lib/abstract_controller/rendering.rb:45:in `process'
  actionpack (3.2.6) lib/action_controller/metal.rb:203:in `dispatch'
  actionpack (3.2.6) lib/action_controller/metal/rack_delegation.rb:14:in `dispatch'
  actionpack (3.2.6) lib/action_controller/metal.rb:246:in `block in action'
  actionpack (3.2.6) lib/action_dispatch/routing/route_set.rb:73:in `call'
  actionpack (3.2.6) lib/action_dispatch/routing/route_set.rb:73:in `dispatch'
  actionpack (3.2.6) lib/action_dispatch/routing/route_set.rb:36:in `call'
  journey (1.0.4) lib/journey/router.rb:68:in `block in call'
  journey (1.0.4) lib/journey/router.rb:56:in `each'
  journey (1.0.4) lib/journey/router.rb:56:in `call'
  actionpack (3.2.6) lib/action_dispatch/routing/route_set.rb:600:in `call'
  actionpack (3.2.6) lib/action_dispatch/middleware/best_standards_support.rb:17:in `call'
  rack (1.4.1) lib/rack/etag.rb:23:in `call'
  rack (1.4.1) lib/rack/conditionalget.rb:35:in `call'
  actionpack (3.2.6) lib/action_dispatch/middleware/head.rb:14:in `call'
  actionpack (3.2.6) lib/action_dispatch/middleware/params_parser.rb:21:in `call'
  actionpack (3.2.6) lib/action_dispatch/middleware/flash.rb:242:in `call'
  rack (1.4.1) lib/rack/session/abstract/id.rb:205:in `context'
  rack (1.4.1) lib/rack/session/abstract/id.rb:200:in `call'
  actionpack (3.2.6) lib/action_dispatch/middleware/cookies.rb:338:in `call'
  activerecord (3.2.6) lib/active_record/query_cache.rb:64:in `call'
  activerecord (3.2.6) lib/active_record/connection_adapters/abstract/connection_pool.rb:473:in `call'
  actionpack (3.2.6) lib/action_dispatch/middleware/callbacks.rb:28:in `block in call'
  activesupport (3.2.6) lib/active_support/callbacks.rb:405:in `_run__963955135241854900__call__4135967488335914790__callbacks'
  activesupport (3.2.6) lib/active_support/callbacks.rb:405:in `__run_callback'
  activesupport (3.2.6) lib/active_support/callbacks.rb:385:in `_run_call_callbacks'
  activesupport (3.2.6) lib/active_support/callbacks.rb:81:in `run_callbacks'
  actionpack (3.2.6) lib/action_dispatch/middleware/callbacks.rb:27:in `call'
  actionpack (3.2.6) lib/action_dispatch/middleware/reloader.rb:65:in `call'
  actionpack (3.2.6) lib/action_dispatch/middleware/remote_ip.rb:31:in `call'
  actionpack (3.2.6) lib/action_dispatch/middleware/debug_exceptions.rb:16:in `call'
  actionpack (3.2.6) lib/action_dispatch/middleware/show_exceptions.rb:56:in `call'
  railties (3.2.6) lib/rails/rack/logger.rb:26:in `call_app'
  railties (3.2.6) lib/rails/rack/logger.rb:16:in `call'
  actionpack (3.2.6) lib/action_dispatch/middleware/request_id.rb:22:in `call'
  rack (1.4.1) lib/rack/methodoverride.rb:21:in `call'
  rack (1.4.1) lib/rack/runtime.rb:17:in `call'
  activesupport (3.2.6) lib/active_support/cache/strategy/local_cache.rb:72:in `call'
  rack (1.4.1) lib/rack/lock.rb:15:in `call'
  actionpack (3.2.6) lib/action_dispatch/middleware/static.rb:62:in `call'
  railties (3.2.6) lib/rails/engine.rb:479:in `call'
  railties (3.2.6) lib/rails/application.rb:220:in `call'
  rack (1.4.1) lib/rack/content_length.rb:14:in `call'
  railties (3.2.6) lib/rails/rack/log_tailer.rb:17:in `call'
  rack (1.4.1) lib/rack/handler/webrick.rb:59:in `service'
  /usr/local/rvm/rubies/ruby-1.9.3-p194/lib/ruby/1.9.1/webrick/httpserver.rb:138:in `service'
  /usr/local/rvm/rubies/ruby-1.9.3-p194/lib/ruby/1.9.1/webrick/httpserver.rb:94:in `run'
  /usr/local/rvm/rubies/ruby-1.9.3-p194/lib/ruby/1.9.1/webrick/server.rb:191:in `block in start_thread'


  Rendered /usr/local/rvm/gems/ruby-1.9.3-p194/gems/actionpack-3.2.6/lib/action_dispatch/middleware/templates/rescues/unknown_action.erb within rescues/layout (0.6ms)


Started GET "/chat/" for 127.0.0.1 at 2012-07-28 22:03:27 -0400
Processing by ChatController#index as HTML
  Rendered chat/index.html.erb within layouts/application (0.4ms)
Completed 200 OK in 7ms (Views: 6.3ms | ActiveRecord: 0.0ms)


Started POST "/chat/new_message" for 127.0.0.1 at 2012-07-28 22:03:28 -0400
Processing by ChatController#new_message as HTML
  Rendered text template (0.0ms)
Completed 200 OK in 595ms (Views: 45.5ms | ActiveRecord: 0.0ms)


Started GET "/chat/" for 127.0.0.1 at 2012-07-28 22:11:47 -0400
Processing by ChatController#index as HTML
  Rendered chat/index.html.erb within layouts/application (1.2ms)
Completed 200 OK in 61ms (Views: 60.4ms | ActiveRecord: 0.0ms)


Started GET "/assets/application.css?body=1" for 127.0.0.1 at 2012-07-28 22:11:47 -0400
Served asset /application.css - 304 Not Modified (45ms)


Started GET "/assets/chat.js?body=1" for 127.0.0.1 at 2012-07-28 22:11:47 -0400
Served asset /chat.js - 304 Not Modified (28ms)


Started GET "/assets/chat.css?body=1" for 127.0.0.1 at 2012-07-28 22:11:47 -0400
Served asset /chat.css - 304 Not Modified (1ms)


Started GET "/assets/application.js?body=1" for 127.0.0.1 at 2012-07-28 22:11:47 -0400
Served asset /application.js - 304 Not Modified (245ms)


Started POST "/chat/new_message" for 127.0.0.1 at 2012-07-28 22:11:48 -0400
Processing by ChatController#new_message as HTML
  Rendered text template (0.0ms)
Completed 200 OK in 553ms (Views: 0.6ms | ActiveRecord: 0.0ms)


Started GET "/chat/" for 127.0.0.1 at 2012-07-28 22:12:34 -0400
Processing by ChatController#index as HTML
  Rendered chat/index.html.erb within layouts/application (0.0ms)
Completed 200 OK in 9ms (Views: 8.4ms | ActiveRecord: 0.0ms)


Started GET "/assets/application.css?body=1" for 127.0.0.1 at 2012-07-28 22:12:34 -0400
Served asset /application.css - 304 Not Modified (0ms)


Started GET "/assets/chat.css?body=1" for 127.0.0.1 at 2012-07-28 22:12:34 -0400
Served asset /chat.css - 304 Not Modified (0ms)


Started GET "/assets/chat.js?body=1" for 127.0.0.1 at 2012-07-28 22:12:34 -0400
Served asset /chat.js - 304 Not Modified (0ms)


Started GET "/assets/application.js?body=1" for 127.0.0.1 at 2012-07-28 22:12:34 -0400
Served asset /application.js - 304 Not Modified (0ms)


Started POST "/chat/new_message" for 127.0.0.1 at 2012-07-28 22:12:36 -0400
Processing by ChatController#new_message as HTML
  Rendered text template (0.0ms)
Completed 200 OK in 100ms (Views: 0.8ms | ActiveRecord: 0.0ms)


Started POST "/chat/new_message" for 127.0.0.1 at 2012-07-28 22:12:36 -0400
Processing by ChatController#new_message as HTML
  Rendered text template (0.0ms)
Completed 200 OK in 104ms (Views: 0.7ms | ActiveRecord: 0.0ms)


Started POST "/chat/new_message" for 127.0.0.1 at 2012-07-28 22:12:37 -0400
Processing by ChatController#new_message as HTML
  Rendered text template (0.0ms)
Completed 200 OK in 102ms (Views: 1.1ms | ActiveRecord: 0.0ms)


Started POST "/chat/new_message" for 127.0.0.1 at 2012-07-28 22:12:38 -0400
Processing by ChatController#new_message as HTML
  Rendered text template (0.0ms)
Completed 200 OK in 100ms (Views: 0.5ms | ActiveRecord: 0.0ms)


Started POST "/chat/new_message" for 127.0.0.1 at 2012-07-28 22:12:38 -0400
Processing by ChatController#new_message as HTML
  Rendered text template (0.0ms)
Completed 200 OK in 101ms (Views: 0.9ms | ActiveRecord: 0.0ms)


Started POST "/chat/new_message" for 127.0.0.1 at 2012-07-28 22:12:39 -0400
Processing by ChatController#new_message as HTML
  Rendered text template (0.0ms)
Completed 200 OK in 103ms (Views: 0.4ms | ActiveRecord: 0.0ms)


Started GET "/chat/" for 127.0.0.1 at 2012-07-28 22:13:18 -0400
Processing by ChatController#index as HTML
  Rendered chat/index.html.erb within layouts/application (0.0ms)
Completed 200 OK in 6ms (Views: 5.5ms | ActiveRecord: 0.0ms)


Started GET "/assets/application.css?body=1" for 127.0.0.1 at 2012-07-28 22:13:18 -0400
Served asset /application.css - 304 Not Modified (0ms)


Started GET "/assets/chat.css?body=1" for 127.0.0.1 at 2012-07-28 22:13:18 -0400
Served asset /chat.css - 304 Not Modified (0ms)


Started GET "/assets/chat.js?body=1" for 127.0.0.1 at 2012-07-28 22:13:18 -0400
Served asset /chat.js - 304 Not Modified (0ms)


Started GET "/assets/application.js?body=1" for 127.0.0.1 at 2012-07-28 22:13:18 -0400
Served asset /application.js - 304 Not Modified (0ms)


Started POST "/chat/new_message" for 127.0.0.1 at 2012-07-28 22:13:18 -0400
Processing by ChatController#new_message as HTML
  Rendered text template (0.0ms)
Completed 200 OK in 564ms (Views: 1.1ms | ActiveRecord: 0.0ms)


Started POST "/chat/new_message" for 127.0.0.1 at 2012-07-28 22:13:20 -0400
Processing by ChatController#new_message as HTML
  Rendered text template (0.0ms)
Completed 200 OK in 101ms (Views: 0.6ms | ActiveRecord: 0.0ms)


Started GET "/chat/" for 127.0.0.1 at 2012-07-28 22:35:26 -0400

ActionController::RoutingError (No route matches [GET] "/chat"):
  actionpack (3.2.6) lib/action_dispatch/middleware/debug_exceptions.rb:21:in `call'
  actionpack (3.2.6) lib/action_dispatch/middleware/show_exceptions.rb:56:in `call'
  railties (3.2.6) lib/rails/rack/logger.rb:26:in `call_app'
  railties (3.2.6) lib/rails/rack/logger.rb:16:in `call'
  actionpack (3.2.6) lib/action_dispatch/middleware/request_id.rb:22:in `call'
  rack (1.4.1) lib/rack/methodoverride.rb:21:in `call'
  rack (1.4.1) lib/rack/runtime.rb:17:in `call'
  activesupport (3.2.6) lib/active_support/cache/strategy/local_cache.rb:72:in `call'
  rack (1.4.1) lib/rack/lock.rb:15:in `call'
  actionpack (3.2.6) lib/action_dispatch/middleware/static.rb:62:in `call'
  railties (3.2.6) lib/rails/engine.rb:479:in `call'
  railties (3.2.6) lib/rails/application.rb:220:in `call'
  rack (1.4.1) lib/rack/content_length.rb:14:in `call'
  railties (3.2.6) lib/rails/rack/log_tailer.rb:17:in `call'
  rack (1.4.1) lib/rack/handler/webrick.rb:59:in `service'
  /usr/local/rvm/rubies/ruby-1.9.3-p194/lib/ruby/1.9.1/webrick/httpserver.rb:138:in `service'
  /usr/local/rvm/rubies/ruby-1.9.3-p194/lib/ruby/1.9.1/webrick/httpserver.rb:94:in `run'
  /usr/local/rvm/rubies/ruby-1.9.3-p194/lib/ruby/1.9.1/webrick/server.rb:191:in `block in start_thread'


  Rendered /usr/local/rvm/gems/ruby-1.9.3-p194/gems/actionpack-3.2.6/lib/action_dispatch/middleware/templates/rescues/routing_error.erb within rescues/layout (1.3ms)


Started GET "/chat/" for 127.0.0.1 at 2012-07-28 22:35:47 -0400

ActionController::RoutingError (No route matches [GET] "/chat"):
  actionpack (3.2.6) lib/action_dispatch/middleware/debug_exceptions.rb:21:in `call'
  actionpack (3.2.6) lib/action_dispatch/middleware/show_exceptions.rb:56:in `call'
  railties (3.2.6) lib/rails/rack/logger.rb:26:in `call_app'
  railties (3.2.6) lib/rails/rack/logger.rb:16:in `call'
  actionpack (3.2.6) lib/action_dispatch/middleware/request_id.rb:22:in `call'
  rack (1.4.1) lib/rack/methodoverride.rb:21:in `call'
  rack (1.4.1) lib/rack/runtime.rb:17:in `call'
  activesupport (3.2.6) lib/active_support/cache/strategy/local_cache.rb:72:in `call'
  rack (1.4.1) lib/rack/lock.rb:15:in `call'
  actionpack (3.2.6) lib/action_dispatch/middleware/static.rb:62:in `call'
  railties (3.2.6) lib/rails/engine.rb:479:in `call'
  railties (3.2.6) lib/rails/application.rb:220:in `call'
  rack (1.4.1) lib/rack/content_length.rb:14:in `call'
  railties (3.2.6) lib/rails/rack/log_tailer.rb:17:in `call'
  rack (1.4.1) lib/rack/handler/webrick.rb:59:in `service'
  /usr/local/rvm/rubies/ruby-1.9.3-p194/lib/ruby/1.9.1/webrick/httpserver.rb:138:in `service'
  /usr/local/rvm/rubies/ruby-1.9.3-p194/lib/ruby/1.9.1/webrick/httpserver.rb:94:in `run'
  /usr/local/rvm/rubies/ruby-1.9.3-p194/lib/ruby/1.9.1/webrick/server.rb:191:in `block in start_thread'


  Rendered /usr/local/rvm/gems/ruby-1.9.3-p194/gems/actionpack-3.2.6/lib/action_dispatch/middleware/templates/rescues/routing_error.erb within rescues/layout (0.8ms)


Started GET "/chat/index" for 127.0.0.1 at 2012-07-28 22:35:49 -0400

ActionController::RoutingError (No route matches [GET] "/chat/index"):
  actionpack (3.2.6) lib/action_dispatch/middleware/debug_exceptions.rb:21:in `call'
  actionpack (3.2.6) lib/action_dispatch/middleware/show_exceptions.rb:56:in `call'
  railties (3.2.6) lib/rails/rack/logger.rb:26:in `call_app'
  railties (3.2.6) lib/rails/rack/logger.rb:16:in `call'
  actionpack (3.2.6) lib/action_dispatch/middleware/request_id.rb:22:in `call'
  rack (1.4.1) lib/rack/methodoverride.rb:21:in `call'
  rack (1.4.1) lib/rack/runtime.rb:17:in `call'
  activesupport (3.2.6) lib/active_support/cache/strategy/local_cache.rb:72:in `call'
  rack (1.4.1) lib/rack/lock.rb:15:in `call'
  actionpack (3.2.6) lib/action_dispatch/middleware/static.rb:62:in `call'
  railties (3.2.6) lib/rails/engine.rb:479:in `call'
  railties (3.2.6) lib/rails/application.rb:220:in `call'
  rack (1.4.1) lib/rack/content_length.rb:14:in `call'
  railties (3.2.6) lib/rails/rack/log_tailer.rb:17:in `call'
  rack (1.4.1) lib/rack/handler/webrick.rb:59:in `service'
  /usr/local/rvm/rubies/ruby-1.9.3-p194/lib/ruby/1.9.1/webrick/httpserver.rb:138:in `service'
  /usr/local/rvm/rubies/ruby-1.9.3-p194/lib/ruby/1.9.1/webrick/httpserver.rb:94:in `run'
  /usr/local/rvm/rubies/ruby-1.9.3-p194/lib/ruby/1.9.1/webrick/server.rb:191:in `block in start_thread'


  Rendered /usr/local/rvm/gems/ruby-1.9.3-p194/gems/actionpack-3.2.6/lib/action_dispatch/middleware/templates/rescues/routing_error.erb within rescues/layout (0.7ms)


Started GET "/chat/" for 127.0.0.1 at 2012-07-28 22:35:53 -0400

ActionController::RoutingError (No route matches [GET] "/chat"):
  actionpack (3.2.6) lib/action_dispatch/middleware/debug_exceptions.rb:21:in `call'
  actionpack (3.2.6) lib/action_dispatch/middleware/show_exceptions.rb:56:in `call'
  railties (3.2.6) lib/rails/rack/logger.rb:26:in `call_app'
  railties (3.2.6) lib/rails/rack/logger.rb:16:in `call'
  actionpack (3.2.6) lib/action_dispatch/middleware/request_id.rb:22:in `call'
  rack (1.4.1) lib/rack/methodoverride.rb:21:in `call'
  rack (1.4.1) lib/rack/runtime.rb:17:in `call'
  activesupport (3.2.6) lib/active_support/cache/strategy/local_cache.rb:72:in `call'
  rack (1.4.1) lib/rack/lock.rb:15:in `call'
  actionpack (3.2.6) lib/action_dispatch/middleware/static.rb:62:in `call'
  railties (3.2.6) lib/rails/engine.rb:479:in `call'
  railties (3.2.6) lib/rails/application.rb:220:in `call'
  rack (1.4.1) lib/rack/content_length.rb:14:in `call'
  railties (3.2.6) lib/rails/rack/log_tailer.rb:17:in `call'
  rack (1.4.1) lib/rack/handler/webrick.rb:59:in `service'
  /usr/local/rvm/rubies/ruby-1.9.3-p194/lib/ruby/1.9.1/webrick/httpserver.rb:138:in `service'
  /usr/local/rvm/rubies/ruby-1.9.3-p194/lib/ruby/1.9.1/webrick/httpserver.rb:94:in `run'
  /usr/local/rvm/rubies/ruby-1.9.3-p194/lib/ruby/1.9.1/webrick/server.rb:191:in `block in start_thread'


  Rendered /usr/local/rvm/gems/ruby-1.9.3-p194/gems/actionpack-3.2.6/lib/action_dispatch/middleware/templates/rescues/routing_error.erb within rescues/layout (0.6ms)


Started GET "/chat/" for 127.0.0.1 at 2012-07-28 22:36:30 -0400
Processing by ChatController#index as HTML
  Rendered chat/index.html.erb within layouts/application (0.1ms)
Completed 200 OK in 43ms (Views: 42.9ms | ActiveRecord: 0.0ms)


Started GET "/assets/application.css?body=1" for 127.0.0.1 at 2012-07-28 22:36:30 -0400
Served asset /application.css - 304 Not Modified (0ms)


Started GET "/assets/chat.js?body=1" for 127.0.0.1 at 2012-07-28 22:36:30 -0400
Served asset /chat.js - 304 Not Modified (0ms)


Started GET "/assets/application.js?body=1" for 127.0.0.1 at 2012-07-28 22:36:30 -0400
Served asset /application.js - 304 Not Modified (0ms)


Started GET "/assets/chat.css?body=1" for 127.0.0.1 at 2012-07-28 22:36:30 -0400
Served asset /chat.css - 304 Not Modified (0ms)


Started GET "/chat/" for 127.0.0.1 at 2012-07-28 22:36:47 -0400
Processing by ChatController#index as HTML
Completed 500 Internal Server Error in 36ms

NameError (undefined local variable or method `pusher' for #<ChatController:0x007fb24d2d00f8>):
  app/controllers/chat_controller.rb:5:in `index'


  Rendered /usr/local/rvm/gems/ruby-1.9.3-p194/gems/actionpack-3.2.6/lib/action_dispatch/middleware/templates/rescues/_trace.erb (11.7ms)
  Rendered /usr/local/rvm/gems/ruby-1.9.3-p194/gems/actionpack-3.2.6/lib/action_dispatch/middleware/templates/rescues/_request_and_response.erb (3.1ms)
  Rendered /usr/local/rvm/gems/ruby-1.9.3-p194/gems/actionpack-3.2.6/lib/action_dispatch/middleware/templates/rescues/diagnostics.erb within rescues/layout (32.4ms)


Started GET "/chat/" for 127.0.0.1 at 2012-07-28 22:37:12 -0400
Processing by ChatController#index as HTML
  Rendered chat/index.html.erb within layouts/application (0.0ms)
Completed 200 OK in 41ms (Views: 40.7ms | ActiveRecord: 0.0ms)


Started GET "/assets/application.css?body=1" for 127.0.0.1 at 2012-07-28 22:37:12 -0400
Served asset /application.css - 304 Not Modified (0ms)


Started GET "/assets/chat.js?body=1" for 127.0.0.1 at 2012-07-28 22:37:12 -0400
Served asset /chat.js - 304 Not Modified (0ms)


Started GET "/assets/chat.css?body=1" for 127.0.0.1 at 2012-07-28 22:37:12 -0400
Served asset /chat.css - 304 Not Modified (0ms)


Started GET "/assets/application.js?body=1" for 127.0.0.1 at 2012-07-28 22:37:12 -0400
Served asset /application.js - 304 Not Modified (0ms)


Started POST "/chat/new_message" for 127.0.0.1 at 2012-07-28 22:37:14 -0400
Processing by ChatController#new_message as HTML
  Rendered text template (0.0ms)
Completed 200 OK in 218ms (Views: 0.6ms | ActiveRecord: 0.0ms)


Started GET "/chat/" for 127.0.0.1 at 2012-07-28 22:38:26 -0400
Processing by ChatController#index as HTML
  Rendered chat/index.html.erb within layouts/application (0.0ms)
Completed 200 OK in 6ms (Views: 6.0ms | ActiveRecord: 0.0ms)


Started GET "/assets/chat.css?body=1" for 127.0.0.1 at 2012-07-28 22:38:26 -0400
Served asset /chat.css - 304 Not Modified (0ms)


Started GET "/assets/application.css?body=1" for 127.0.0.1 at 2012-07-28 22:38:26 -0400
Served asset /application.css - 304 Not Modified (0ms)


Started GET "/assets/chat.js?body=1" for 127.0.0.1 at 2012-07-28 22:38:26 -0400
Served asset /chat.js - 304 Not Modified (0ms)


Started GET "/assets/application.js?body=1" for 127.0.0.1 at 2012-07-28 22:38:26 -0400
Served asset /application.js - 304 Not Modified (0ms)


Started POST "/chat/new_message" for 127.0.0.1 at 2012-07-28 22:38:27 -0400
Processing by ChatController#new_message as HTML
  Rendered text template (0.0ms)
Completed 200 OK in 110ms (Views: 1.3ms | ActiveRecord: 0.0ms)


Started POST "/chat/new_message" for 127.0.0.1 at 2012-07-28 22:38:28 -0400
Processing by ChatController#new_message as HTML
  Rendered text template (0.0ms)
Completed 200 OK in 108ms (Views: 0.7ms | ActiveRecord: 0.0ms)


Started POST "/chat/new_message" for 127.0.0.1 at 2012-07-28 22:38:28 -0400
Processing by ChatController#new_message as HTML
  Rendered text template (0.0ms)
Completed 200 OK in 95ms (Views: 0.7ms | ActiveRecord: 0.0ms)


Started POST "/chat/new_message" for 127.0.0.1 at 2012-07-28 22:38:28 -0400
Processing by ChatController#new_message as HTML
  Rendered text template (0.0ms)
Completed 200 OK in 97ms (Views: 0.6ms | ActiveRecord: 0.0ms)


Started GET "/chat/" for 127.0.0.1 at 2012-07-28 22:41:46 -0400
Connecting to database specified by database.yml
Processing by ChatController#index as HTML
  Rendered chat/index.html.erb within layouts/application (2.4ms)
Completed 200 OK in 96ms (Views: 95.5ms | ActiveRecord: 0.0ms)


Started GET "/assets/application.css?body=1" for 127.0.0.1 at 2012-07-28 22:41:47 -0400
Served asset /application.css - 304 Not Modified (6ms)


Started GET "/assets/chat.js?body=1" for 127.0.0.1 at 2012-07-28 22:41:47 -0400
Served asset /chat.js - 304 Not Modified (2ms)


Started GET "/assets/chat.css?body=1" for 127.0.0.1 at 2012-07-28 22:41:47 -0400
Served asset /chat.css - 304 Not Modified (1ms)


Started GET "/assets/application.js?body=1" for 127.0.0.1 at 2012-07-28 22:41:47 -0400
Served asset /application.js - 304 Not Modified (7ms)


Started GET "/chat/index" for 127.0.0.1 at 2012-07-28 22:41:48 -0400
Processing by ChatController#index as HTML
  Rendered chat/index.html.erb within layouts/application (0.0ms)
Completed 200 OK in 6ms (Views: 6.0ms | ActiveRecord: 0.0ms)


Started GET "/assets/chat.css?body=1" for 127.0.0.1 at 2012-07-28 22:41:48 -0400
Served asset /chat.css - 304 Not Modified (0ms)


Started GET "/assets/application.js?body=1" for 127.0.0.1 at 2012-07-28 22:41:48 -0400
Served asset /application.js - 304 Not Modified (0ms)


Started GET "/assets/chat.js?body=1" for 127.0.0.1 at 2012-07-28 22:41:48 -0400
Served asset /chat.js - 304 Not Modified (0ms)


Started GET "/assets/application.css?body=1" for 127.0.0.1 at 2012-07-28 22:41:48 -0400
Served asset /application.css - 304 Not Modified (0ms)


Started POST "/chat/new_message" for 127.0.0.1 at 2012-07-28 22:41:50 -0400
Processing by ChatController#new_message as HTML
  Rendered text template (0.0ms)
Completed 200 OK in 659ms (Views: 38.3ms | ActiveRecord: 0.0ms)


Started POST "/chat/new_message" for 127.0.0.1 at 2012-07-28 22:41:52 -0400
Processing by ChatController#new_message as HTML
  Rendered text template (0.0ms)
Completed 200 OK in 103ms (Views: 0.7ms | ActiveRecord: 0.0ms)


Started POST "/chat/new_message" for 127.0.0.1 at 2012-07-28 22:41:52 -0400
Processing by ChatController#new_message as HTML
  Rendered text template (0.0ms)
Completed 200 OK in 101ms (Views: 0.4ms | ActiveRecord: 0.0ms)


Started POST "/chat/new_message" for 127.0.0.1 at 2012-07-28 22:41:53 -0400
Processing by ChatController#new_message as HTML
  Rendered text template (0.0ms)
Completed 200 OK in 98ms (Views: 0.6ms | ActiveRecord: 0.0ms)


Started POST "/chat/new_message" for 127.0.0.1 at 2012-07-28 22:41:53 -0400
Processing by ChatController#new_message as HTML
  Rendered text template (0.0ms)
Completed 200 OK in 99ms (Views: 0.5ms | ActiveRecord: 0.0ms)


Started POST "/chat/new_message" for 127.0.0.1 at 2012-07-28 22:41:53 -0400
Processing by ChatController#new_message as HTML
  Rendered text template (0.0ms)
Completed 200 OK in 109ms (Views: 0.5ms | ActiveRecord: 0.0ms)


Started POST "/chat/new_message" for 127.0.0.1 at 2012-07-28 22:41:53 -0400
Processing by ChatController#new_message as HTML
  Rendered text template (0.0ms)
Completed 200 OK in 95ms (Views: 0.4ms | ActiveRecord: 0.0ms)


Started POST "/chat/new_message" for 127.0.0.1 at 2012-07-28 22:41:53 -0400
Processing by ChatController#new_message as HTML
  Rendered text template (0.0ms)
Completed 200 OK in 95ms (Views: 0.4ms | ActiveRecord: 0.0ms)


Started POST "/chat/new_message" for 127.0.0.1 at 2012-07-28 22:41:53 -0400
Processing by ChatController#new_message as HTML
  Rendered text template (0.0ms)
Completed 200 OK in 95ms (Views: 0.6ms | ActiveRecord: 0.0ms)


Started POST "/chat/new_message" for 127.0.0.1 at 2012-07-28 22:41:54 -0400
Processing by ChatController#new_message as HTML
  Rendered text template (0.0ms)
Completed 200 OK in 97ms (Views: 0.4ms | ActiveRecord: 0.0ms)


Started POST "/chat/new_message" for 127.0.0.1 at 2012-07-28 22:41:54 -0400
Processing by ChatController#new_message as HTML
  Rendered text template (0.0ms)
Completed 200 OK in 94ms (Views: 0.4ms | ActiveRecord: 0.0ms)


Started POST "/chat/new_message" for 127.0.0.1 at 2012-07-28 22:41:54 -0400
Processing by ChatController#new_message as HTML
  Rendered text template (0.0ms)
Completed 200 OK in 91ms (Views: 0.4ms | ActiveRecord: 0.0ms)


Started POST "/chat/new_message" for 127.0.0.1 at 2012-07-28 22:41:54 -0400
Processing by ChatController#new_message as HTML
  Rendered text template (0.0ms)
Completed 200 OK in 98ms (Views: 0.5ms | ActiveRecord: 0.0ms)


Started POST "/chat/new_message" for 127.0.0.1 at 2012-07-28 22:41:54 -0400
Processing by ChatController#new_message as HTML
  Rendered text template (0.0ms)
Completed 200 OK in 96ms (Views: 0.8ms | ActiveRecord: 0.0ms)


Started POST "/chat/new_message" for 127.0.0.1 at 2012-07-28 22:41:54 -0400
Processing by ChatController#new_message as HTML
  Rendered text template (0.0ms)
Completed 200 OK in 95ms (Views: 0.7ms | ActiveRecord: 0.0ms)


Started POST "/chat/new_message" for 127.0.0.1 at 2012-07-28 22:41:55 -0400
Processing by ChatController#new_message as HTML
  Rendered text template (0.0ms)
Completed 200 OK in 101ms (Views: 0.7ms | ActiveRecord: 0.0ms)


Started POST "/chat/new_message" for 127.0.0.1 at 2012-07-28 22:41:55 -0400
Processing by ChatController#new_message as HTML
  Rendered text template (0.0ms)
Completed 200 OK in 99ms (Views: 0.7ms | ActiveRecord: 0.0ms)


Started POST "/chat/new_message" for 127.0.0.1 at 2012-07-28 22:41:55 -0400
Processing by ChatController#new_message as HTML
  Rendered text template (0.0ms)
Completed 200 OK in 117ms (Views: 0.6ms | ActiveRecord: 0.0ms)


Started POST "/chat/new_message" for 127.0.0.1 at 2012-07-28 22:41:55 -0400
Processing by ChatController#new_message as HTML
  Rendered text template (0.0ms)
Completed 200 OK in 100ms (Views: 0.6ms | ActiveRecord: 0.0ms)


Started POST "/chat/new_message" for 127.0.0.1 at 2012-07-28 22:41:55 -0400
Processing by ChatController#new_message as HTML
  Rendered text template (0.0ms)
Completed 200 OK in 96ms (Views: 0.5ms | ActiveRecord: 0.0ms)


Started POST "/chat/new_message" for 127.0.0.1 at 2012-07-28 22:41:56 -0400
Processing by ChatController#new_message as HTML
  Rendered text template (0.0ms)
Completed 200 OK in 97ms (Views: 1.2ms | ActiveRecord: 0.0ms)


Started POST "/chat/new_message" for 127.0.0.1 at 2012-07-28 22:41:56 -0400
Processing by ChatController#new_message as HTML
  Rendered text template (0.0ms)
Completed 200 OK in 91ms (Views: 0.6ms | ActiveRecord: 0.0ms)


Started POST "/chat/new_message" for 127.0.0.1 at 2012-07-28 22:41:56 -0400
Processing by ChatController#new_message as HTML
  Rendered text template (0.0ms)
Completed 200 OK in 98ms (Views: 0.8ms | ActiveRecord: 0.0ms)


Started POST "/chat/new_message" for 127.0.0.1 at 2012-07-28 22:41:56 -0400
Processing by ChatController#new_message as HTML
  Rendered text template (0.0ms)
Completed 200 OK in 99ms (Views: 0.5ms | ActiveRecord: 0.0ms)


Started POST "/chat/new_message" for 127.0.0.1 at 2012-07-28 22:41:56 -0400
Processing by ChatController#new_message as HTML
  Rendered text template (0.0ms)
Completed 200 OK in 107ms (Views: 0.4ms | ActiveRecord: 0.0ms)


Started POST "/chat/new_message" for 127.0.0.1 at 2012-07-28 22:41:57 -0400
Processing by ChatController#new_message as HTML
  Rendered text template (0.0ms)
Completed 200 OK in 109ms (Views: 0.9ms | ActiveRecord: 0.0ms)


Started POST "/chat/new_message" for 127.0.0.1 at 2012-07-28 22:41:57 -0400
Processing by ChatController#new_message as HTML
  Rendered text template (0.0ms)
Completed 200 OK in 104ms (Views: 0.8ms | ActiveRecord: 0.0ms)


Started POST "/chat/new_message" for 127.0.0.1 at 2012-07-28 22:41:57 -0400
Processing by ChatController#new_message as HTML
  Rendered text template (0.0ms)
Completed 200 OK in 115ms (Views: 0.4ms | ActiveRecord: 0.0ms)


Started POST "/chat/new_message" for 127.0.0.1 at 2012-07-28 22:41:57 -0400
Processing by ChatController#new_message as HTML
  Rendered text template (0.0ms)
Completed 200 OK in 101ms (Views: 0.6ms | ActiveRecord: 0.0ms)


Started POST "/chat/new_message" for 127.0.0.1 at 2012-07-28 22:41:57 -0400
Processing by ChatController#new_message as HTML
  Rendered text template (0.0ms)
Completed 200 OK in 120ms (Views: 0.7ms | ActiveRecord: 0.0ms)


Started POST "/chat/new_message" for 127.0.0.1 at 2012-07-28 22:41:57 -0400
Processing by ChatController#new_message as HTML
  Rendered text template (0.0ms)
Completed 200 OK in 403ms (Views: 0.5ms | ActiveRecord: 0.0ms)


Started POST "/chat/new_message" for 127.0.0.1 at 2012-07-28 22:41:58 -0400
Processing by ChatController#new_message as HTML
  Rendered text template (0.0ms)
Completed 200 OK in 99ms (Views: 0.5ms | ActiveRecord: 0.0ms)


Started POST "/chat/new_message" for 127.0.0.1 at 2012-07-28 22:41:58 -0400
Processing by ChatController#new_message as HTML
  Rendered text template (0.0ms)
Completed 200 OK in 97ms (Views: 0.4ms | ActiveRecord: 0.0ms)


Started POST "/chat/new_message" for 127.0.0.1 at 2012-07-28 22:41:58 -0400
Processing by ChatController#new_message as HTML
  Rendered text template (0.0ms)
Completed 200 OK in 126ms (Views: 0.4ms | ActiveRecord: 0.0ms)


Started POST "/chat/new_message" for 127.0.0.1 at 2012-07-28 22:41:59 -0400
Processing by ChatController#new_message as HTML
  Rendered text template (0.0ms)
Completed 200 OK in 1385ms (Views: 0.4ms | ActiveRecord: 0.0ms)


Started POST "/chat/new_message" for 127.0.0.1 at 2012-07-28 22:42:01 -0400
Processing by ChatController#new_message as HTML
  Rendered text template (0.0ms)
Completed 200 OK in 102ms (Views: 0.7ms | ActiveRecord: 0.0ms)


Started GET "/chat/index" for 127.0.0.1 at 2012-07-28 22:44:16 -0400
Processing by ChatController#index as HTML
  Rendered chat/index.html.erb within layouts/application (0.0ms)
Completed 200 OK in 6ms (Views: 5.8ms | ActiveRecord: 0.0ms)


Started GET "/assets/application.css?body=1" for 127.0.0.1 at 2012-07-28 22:44:16 -0400
Served asset /application.css - 304 Not Modified (0ms)


Started GET "/assets/chat.css?body=1" for 127.0.0.1 at 2012-07-28 22:44:16 -0400
Served asset /chat.css - 304 Not Modified (0ms)


Started GET "/assets/chat.js?body=1" for 127.0.0.1 at 2012-07-28 22:44:16 -0400
Served asset /chat.js - 304 Not Modified (0ms)


Started GET "/assets/application.js?body=1" for 127.0.0.1 at 2012-07-28 22:44:16 -0400
Served asset /application.js - 304 Not Modified (0ms)


Started POST "/chat/new_message" for 127.0.0.1 at 2012-07-28 22:44:17 -0400
Processing by ChatController#new_message as HTML
  Rendered text template (0.0ms)
Completed 200 OK in 558ms (Views: 0.9ms | ActiveRecord: 0.0ms)


Started POST "/chat/new_message" for 127.0.0.1 at 2012-07-28 22:44:17 -0400
Processing by ChatController#new_message as HTML
  Rendered text template (0.0ms)
Completed 200 OK in 103ms (Views: 0.7ms | ActiveRecord: 0.0ms)


Started POST "/chat/new_message" for 127.0.0.1 at 2012-07-28 22:44:18 -0400
Processing by ChatController#new_message as HTML
  Rendered text template (0.0ms)
Completed 200 OK in 131ms (Views: 0.5ms | ActiveRecord: 0.0ms)


Started POST "/chat/new_message" for 127.0.0.1 at 2012-07-28 22:44:18 -0400
Processing by ChatController#new_message as HTML
  Rendered text template (0.0ms)
Completed 200 OK in 91ms (Views: 0.6ms | ActiveRecord: 0.0ms)


Started POST "/chat/new_message" for 127.0.0.1 at 2012-07-28 22:44:18 -0400
Processing by ChatController#new_message as HTML
  Rendered text template (0.0ms)
Completed 200 OK in 433ms (Views: 1.1ms | ActiveRecord: 0.0ms)


Started POST "/chat/new_message" for 127.0.0.1 at 2012-07-28 22:44:19 -0400
Processing by ChatController#new_message as HTML
  Rendered text template (0.0ms)
Completed 200 OK in 103ms (Views: 0.5ms | ActiveRecord: 0.0ms)


Started POST "/chat/new_message" for 127.0.0.1 at 2012-07-28 22:44:19 -0400
Processing by ChatController#new_message as HTML
  Rendered text template (0.0ms)
Completed 200 OK in 115ms (Views: 0.9ms | ActiveRecord: 0.0ms)


Started POST "/chat/new_message" for 127.0.0.1 at 2012-07-28 22:44:19 -0400
Processing by ChatController#new_message as HTML
  Rendered text template (0.0ms)
Completed 200 OK in 102ms (Views: 0.6ms | ActiveRecord: 0.0ms)


Started POST "/chat/new_message" for 127.0.0.1 at 2012-07-28 22:44:19 -0400
Processing by ChatController#new_message as HTML
  Rendered text template (0.0ms)
Completed 200 OK in 95ms (Views: 0.6ms | ActiveRecord: 0.0ms)


Started POST "/chat/new_message" for 127.0.0.1 at 2012-07-28 22:44:19 -0400
Processing by ChatController#new_message as HTML
  Rendered text template (0.0ms)
Completed 200 OK in 94ms (Views: 0.5ms | ActiveRecord: 0.0ms)


Started POST "/chat/new_message" for 127.0.0.1 at 2012-07-28 22:44:19 -0400
Processing by ChatController#new_message as HTML
  Rendered text template (0.0ms)
Completed 200 OK in 102ms (Views: 0.8ms | ActiveRecord: 0.0ms)


Started POST "/chat/new_message" for 127.0.0.1 at 2012-07-28 22:44:20 -0400
Processing by ChatController#new_message as HTML
  Rendered text template (0.0ms)
Completed 200 OK in 108ms (Views: 0.4ms | ActiveRecord: 0.0ms)


Started POST "/chat/new_message" for 127.0.0.1 at 2012-07-28 22:44:20 -0400
Processing by ChatController#new_message as HTML
  Rendered text template (0.0ms)
Completed 200 OK in 101ms (Views: 0.8ms | ActiveRecord: 0.0ms)


Started POST "/chat/new_message" for 127.0.0.1 at 2012-07-28 22:44:20 -0400
Processing by ChatController#new_message as HTML
  Rendered text template (0.0ms)
Completed 200 OK in 363ms (Views: 0.7ms | ActiveRecord: 0.0ms)


Started POST "/chat/new_message" for 127.0.0.1 at 2012-07-28 22:44:20 -0400
Processing by ChatController#new_message as HTML
  Rendered text template (0.0ms)
Completed 200 OK in 100ms (Views: 0.7ms | ActiveRecord: 0.0ms)


Started POST "/chat/new_message" for 127.0.0.1 at 2012-07-28 22:44:21 -0400
Processing by ChatController#new_message as HTML
  Rendered text template (0.0ms)
Completed 200 OK in 96ms (Views: 0.8ms | ActiveRecord: 0.0ms)


Started GET "/chat/index" for 127.0.0.1 at 2012-07-28 22:44:40 -0400
Processing by ChatController#index as HTML
  Rendered chat/index.html.erb within layouts/application (0.4ms)
Completed 200 OK in 6ms (Views: 6.3ms | ActiveRecord: 0.0ms)


Started GET "/assets/application.css?body=1" for 127.0.0.1 at 2012-07-28 22:44:40 -0400
Served asset /application.css - 304 Not Modified (0ms)


Started GET "/assets/chat.js?body=1" for 127.0.0.1 at 2012-07-28 22:44:40 -0400
Served asset /chat.js - 304 Not Modified (0ms)


Started GET "/assets/chat.css?body=1" for 127.0.0.1 at 2012-07-28 22:44:40 -0400
Served asset /chat.css - 304 Not Modified (0ms)


Started GET "/assets/application.js?body=1" for 127.0.0.1 at 2012-07-28 22:44:40 -0400
Served asset /application.js - 304 Not Modified (0ms)


Started POST "/chat/new_message" for 127.0.0.1 at 2012-07-28 22:44:42 -0400
Processing by ChatController#new_message as HTML
  Rendered text template (0.0ms)
Completed 200 OK in 94ms (Views: 0.5ms | ActiveRecord: 0.0ms)


Started POST "/chat/new_message" for 127.0.0.1 at 2012-07-28 22:44:42 -0400
Processing by ChatController#new_message as HTML
  Rendered text template (0.0ms)
Completed 200 OK in 93ms (Views: 0.6ms | ActiveRecord: 0.0ms)


Started POST "/chat/new_message" for 127.0.0.1 at 2012-07-28 22:44:42 -0400
Processing by ChatController#new_message as HTML
  Rendered text template (0.0ms)
Completed 200 OK in 114ms (Views: 0.6ms | ActiveRecord: 0.0ms)


Started POST "/chat/new_message" for 127.0.0.1 at 2012-07-28 22:44:42 -0400
Processing by ChatController#new_message as HTML
  Rendered text template (0.0ms)
Completed 200 OK in 101ms (Views: 0.7ms | ActiveRecord: 0.0ms)


Started POST "/chat/new_message" for 127.0.0.1 at 2012-07-28 22:44:43 -0400
Processing by ChatController#new_message as HTML
  Rendered text template (0.0ms)
Completed 200 OK in 94ms (Views: 0.6ms | ActiveRecord: 0.0ms)


Started POST "/chat/new_message" for 127.0.0.1 at 2012-07-28 22:44:43 -0400
Processing by ChatController#new_message as HTML
  Rendered text template (0.0ms)
Completed 200 OK in 101ms (Views: 0.5ms | ActiveRecord: 0.0ms)


Started POST "/chat/new_message" for 127.0.0.1 at 2012-07-28 22:44:43 -0400
Processing by ChatController#new_message as HTML
  Rendered text template (0.0ms)
Completed 200 OK in 94ms (Views: 0.5ms | ActiveRecord: 0.0ms)


Started POST "/chat/new_message" for 127.0.0.1 at 2012-07-28 22:44:43 -0400
Processing by ChatController#new_message as HTML
  Rendered text template (0.0ms)
Completed 200 OK in 102ms (Views: 0.9ms | ActiveRecord: 0.0ms)


Started POST "/chat/new_message" for 127.0.0.1 at 2012-07-28 22:44:44 -0400
Processing by ChatController#new_message as HTML
  Rendered text template (0.0ms)
Completed 200 OK in 93ms (Views: 0.8ms | ActiveRecord: 0.0ms)


Started POST "/chat/new_message" for 127.0.0.1 at 2012-07-28 22:44:44 -0400
Processing by ChatController#new_message as HTML
  Rendered text template (0.1ms)
Completed 200 OK in 93ms (Views: 1.0ms | ActiveRecord: 0.0ms)


Started POST "/chat/new_message" for 127.0.0.1 at 2012-07-28 22:44:44 -0400
Processing by ChatController#new_message as HTML
  Rendered text template (0.0ms)
Completed 200 OK in 94ms (Views: 0.8ms | ActiveRecord: 0.0ms)


Started POST "/chat/new_message" for 127.0.0.1 at 2012-07-28 22:44:44 -0400
Processing by ChatController#new_message as HTML
  Rendered text template (0.0ms)
Completed 200 OK in 105ms (Views: 0.6ms | ActiveRecord: 0.0ms)


Started POST "/chat/new_message" for 127.0.0.1 at 2012-07-28 22:44:44 -0400
Processing by ChatController#new_message as HTML
  Rendered text template (0.0ms)
Completed 200 OK in 93ms (Views: 0.4ms | ActiveRecord: 0.0ms)


Started POST "/chat/new_message" for 127.0.0.1 at 2012-07-28 22:44:44 -0400
Processing by ChatController#new_message as HTML
  Rendered text template (0.0ms)
Completed 200 OK in 107ms (Views: 0.5ms | ActiveRecord: 0.0ms)


Started POST "/chat/new_message" for 127.0.0.1 at 2012-07-28 22:44:44 -0400
Processing by ChatController#new_message as HTML
  Rendered text template (0.0ms)
Completed 200 OK in 119ms (Views: 0.3ms | ActiveRecord: 0.0ms)


Started GET "/chat/index" for 127.0.0.1 at 2012-07-28 22:48:21 -0400
Processing by ChatController#index as HTML
  Rendered chat/index.html.erb within layouts/application (0.3ms)
Completed 200 OK in 7ms (Views: 6.1ms | ActiveRecord: 0.0ms)


Started GET "/assets/application.css?body=1" for 127.0.0.1 at 2012-07-28 22:48:21 -0400
Served asset /application.css - 304 Not Modified (0ms)


Started GET "/assets/application.js?body=1" for 127.0.0.1 at 2012-07-28 22:48:21 -0400
Served asset /application.js - 304 Not Modified (0ms)


Started GET "/assets/chat.css?body=1" for 127.0.0.1 at 2012-07-28 22:48:21 -0400
Served asset /chat.css - 304 Not Modified (0ms)


Started GET "/assets/chat.js?body=1" for 127.0.0.1 at 2012-07-28 22:48:21 -0400
Served asset /chat.js - 304 Not Modified (0ms)


Started POST "/chat/new_message" for 127.0.0.1 at 2012-07-28 22:48:24 -0400
Processing by ChatController#new_message as HTML
  Rendered text template (0.0ms)
Completed 200 OK in 538ms (Views: 0.7ms | ActiveRecord: 0.0ms)


Started GET "/chat/index" for 127.0.0.1 at 2012-07-28 22:49:25 -0400
Processing by ChatController#index as HTML
  Rendered chat/index.html.erb within layouts/application (0.0ms)
Completed 200 OK in 6ms (Views: 5.8ms | ActiveRecord: 0.0ms)


Started GET "/assets/chat.js?body=1" for 127.0.0.1 at 2012-07-28 22:49:25 -0400
Served asset /chat.js - 304 Not Modified (0ms)


Started GET "/assets/chat.css?body=1" for 127.0.0.1 at 2012-07-28 22:49:25 -0400
Served asset /chat.css - 304 Not Modified (0ms)


Started GET "/assets/application.css?body=1" for 127.0.0.1 at 2012-07-28 22:49:25 -0400
Served asset /application.css - 304 Not Modified (0ms)


Started GET "/assets/application.js?body=1" for 127.0.0.1 at 2012-07-28 22:49:25 -0400
Served asset /application.js - 304 Not Modified (0ms)


Started POST "/chat/new_message" for 127.0.0.1 at 2012-07-28 22:49:27 -0400
Processing by ChatController#new_message as HTML
  Rendered text template (0.0ms)
Completed 200 OK in 95ms (Views: 0.6ms | ActiveRecord: 0.0ms)


Started POST "/chat/new_message" for 127.0.0.1 at 2012-07-28 22:49:28 -0400
Processing by ChatController#new_message as HTML
  Rendered text template (0.0ms)
Completed 200 OK in 97ms (Views: 0.6ms | ActiveRecord: 0.0ms)


Started POST "/chat/new_message" for 127.0.0.1 at 2012-07-28 22:49:28 -0400
Processing by ChatController#new_message as HTML
  Rendered text template (0.0ms)
Completed 200 OK in 101ms (Views: 0.5ms | ActiveRecord: 0.0ms)


Started POST "/chat/new_message" for 127.0.0.1 at 2012-07-28 22:49:52 -0400
Processing by ChatController#new_message as HTML
Completed 500 Internal Server Error in 1ms

NoMethodError (undefined method `last' for {"controller"=>"chat", "action"=>"new_message"}:ActiveSupport::HashWithIndifferentAccess):
  app/controllers/chat_controller.rb:11:in `new_message'


  Rendered /usr/local/rvm/gems/ruby-1.9.3-p194/gems/actionpack-3.2.6/lib/action_dispatch/middleware/templates/rescues/_trace.erb (3.7ms)
  Rendered /usr/local/rvm/gems/ruby-1.9.3-p194/gems/actionpack-3.2.6/lib/action_dispatch/middleware/templates/rescues/_request_and_response.erb (1.2ms)
  Rendered /usr/local/rvm/gems/ruby-1.9.3-p194/gems/actionpack-3.2.6/lib/action_dispatch/middleware/templates/rescues/diagnostics.erb within rescues/layout (12.9ms)


Started GET "/chat/index" for 127.0.0.1 at 2012-07-28 22:51:12 -0400
Processing by ChatController#index as HTML
  Rendered chat/index.html.erb within layouts/application (0.3ms)
Completed 200 OK in 6ms (Views: 5.5ms | ActiveRecord: 0.0ms)


Started GET "/assets/application.css?body=1" for 127.0.0.1 at 2012-07-28 22:51:12 -0400
Served asset /application.css - 304 Not Modified (0ms)


Started GET "/assets/chat.css?body=1" for 127.0.0.1 at 2012-07-28 22:51:12 -0400
Served asset /chat.css - 304 Not Modified (0ms)


Started GET "/assets/chat.js?body=1" for 127.0.0.1 at 2012-07-28 22:51:12 -0400
Served asset /chat.js - 304 Not Modified (0ms)


Started GET "/assets/application.js?body=1" for 127.0.0.1 at 2012-07-28 22:51:12 -0400
Served asset /application.js - 304 Not Modified (0ms)


Started POST "/chat/new_message" for 127.0.0.1 at 2012-07-28 22:51:13 -0400
Processing by ChatController#new_message as HTML
  Parameters: {"message"=>"testing"}
  Rendered text template (0.0ms)
Completed 200 OK in 524ms (Views: 0.8ms | ActiveRecord: 0.0ms)


Started POST "/chat/new_message" for 127.0.0.1 at 2012-07-28 22:51:14 -0400
Processing by ChatController#new_message as HTML
  Parameters: {"message"=>"testing"}
  Rendered text template (0.0ms)
Completed 200 OK in 99ms (Views: 0.8ms | ActiveRecord: 0.0ms)


Started POST "/chat/new_message" for 127.0.0.1 at 2012-07-28 22:51:15 -0400
Processing by ChatController#new_message as HTML
  Parameters: {"message"=>"testing"}
  Rendered text template (0.0ms)
Completed 200 OK in 102ms (Views: 0.5ms | ActiveRecord: 0.0ms)


Started GET "/chat/index" for 127.0.0.1 at 2012-07-28 22:51:36 -0400
Processing by ChatController#index as HTML
  Rendered chat/index.html.erb within layouts/application (0.4ms)
Completed 200 OK in 6ms (Views: 5.8ms | ActiveRecord: 0.0ms)


Started GET "/assets/application.css?body=1" for 127.0.0.1 at 2012-07-28 22:51:36 -0400
Served asset /application.css - 304 Not Modified (0ms)


Started GET "/assets/chat.css?body=1" for 127.0.0.1 at 2012-07-28 22:51:36 -0400
Served asset /chat.css - 304 Not Modified (0ms)


Started GET "/assets/chat.js?body=1" for 127.0.0.1 at 2012-07-28 22:51:36 -0400
Served asset /chat.js - 304 Not Modified (0ms)


Started GET "/assets/application.js?body=1" for 127.0.0.1 at 2012-07-28 22:51:36 -0400
Served asset /application.js - 304 Not Modified (0ms)


Started GET "/chat/index" for 127.0.0.1 at 2012-07-28 22:51:50 -0400
Processing by ChatController#index as HTML
  Rendered chat/index.html.erb within layouts/application (0.4ms)
Completed 200 OK in 6ms (Views: 5.5ms | ActiveRecord: 0.0ms)


Started GET "/assets/application.css?body=1" for 127.0.0.1 at 2012-07-28 22:51:50 -0400
Served asset /application.css - 304 Not Modified (0ms)


Started GET "/assets/application.js?body=1" for 127.0.0.1 at 2012-07-28 22:51:50 -0400
Served asset /application.js - 304 Not Modified (0ms)


Started GET "/assets/chat.js?body=1" for 127.0.0.1 at 2012-07-28 22:51:50 -0400
Served asset /chat.js - 304 Not Modified (0ms)


Started GET "/assets/chat.css?body=1" for 127.0.0.1 at 2012-07-28 22:51:50 -0400
Served asset /chat.css - 304 Not Modified (0ms)


Started POST "/chat/new_message" for 127.0.0.1 at 2012-07-28 22:51:52 -0400
Processing by ChatController#new_message as HTML
  Parameters: {"message"=>"testing"}
  Rendered text template (0.0ms)
Completed 200 OK in 96ms (Views: 0.8ms | ActiveRecord: 0.0ms)


Started GET "/chat/index" for 127.0.0.1 at 2012-07-28 22:53:51 -0400

SyntaxError (/Users/orthogonal/Desktop/Programming/chatapp1/app/controllers/chat_controller.rb:9: syntax error, unexpected keyword_do, expecting keyword_then or ';' or '\n'
/Users/orthogonal/Desktop/Programming/chatapp1/app/controllers/chat_controller.rb:21: syntax error, unexpected keyword_end, expecting $end):
  activesupport (3.2.6) lib/active_support/dependencies.rb:469:in `load'
  activesupport (3.2.6) lib/active_support/dependencies.rb:469:in `block in load_file'
  activesupport (3.2.6) lib/active_support/dependencies.rb:639:in `new_constants_in'
  activesupport (3.2.6) lib/active_support/dependencies.rb:468:in `load_file'
  activesupport (3.2.6) lib/active_support/dependencies.rb:353:in `require_or_load'
  activesupport (3.2.6) lib/active_support/dependencies.rb:502:in `load_missing_constant'
  activesupport (3.2.6) lib/active_support/dependencies.rb:192:in `block in const_missing'
  activesupport (3.2.6) lib/active_support/dependencies.rb:190:in `each'
  activesupport (3.2.6) lib/active_support/dependencies.rb:190:in `const_missing'
  activesupport (3.2.6) lib/active_support/inflector/methods.rb:229:in `block in constantize'
  activesupport (3.2.6) lib/active_support/inflector/methods.rb:228:in `each'
  activesupport (3.2.6) lib/active_support/inflector/methods.rb:228:in `constantize'
  activesupport (3.2.6) lib/active_support/dependencies.rb:554:in `get'
  actionpack (3.2.6) lib/action_dispatch/routing/route_set.rb:69:in `controller_reference'
  actionpack (3.2.6) lib/action_dispatch/routing/route_set.rb:54:in `controller'
  actionpack (3.2.6) lib/action_dispatch/routing/route_set.rb:32:in `call'
  journey (1.0.4) lib/journey/router.rb:68:in `block in call'
  journey (1.0.4) lib/journey/router.rb:56:in `each'
  journey (1.0.4) lib/journey/router.rb:56:in `call'
  actionpack (3.2.6) lib/action_dispatch/routing/route_set.rb:600:in `call'
  actionpack (3.2.6) lib/action_dispatch/middleware/best_standards_support.rb:17:in `call'
  rack (1.4.1) lib/rack/etag.rb:23:in `call'
  rack (1.4.1) lib/rack/conditionalget.rb:25:in `call'
  actionpack (3.2.6) lib/action_dispatch/middleware/head.rb:14:in `call'
  actionpack (3.2.6) lib/action_dispatch/middleware/params_parser.rb:21:in `call'
  actionpack (3.2.6) lib/action_dispatch/middleware/flash.rb:242:in `call'
  rack (1.4.1) lib/rack/session/abstract/id.rb:205:in `context'
  rack (1.4.1) lib/rack/session/abstract/id.rb:200:in `call'
  actionpack (3.2.6) lib/action_dispatch/middleware/cookies.rb:338:in `call'
  activerecord (3.2.6) lib/active_record/query_cache.rb:64:in `call'
  activerecord (3.2.6) lib/active_record/connection_adapters/abstract/connection_pool.rb:473:in `call'
  actionpack (3.2.6) lib/action_dispatch/middleware/callbacks.rb:28:in `block in call'
  activesupport (3.2.6) lib/active_support/callbacks.rb:405:in `_run__287933765139865975__call__3320861203781126512__callbacks'
  activesupport (3.2.6) lib/active_support/callbacks.rb:405:in `__run_callback'
  activesupport (3.2.6) lib/active_support/callbacks.rb:385:in `_run_call_callbacks'
  activesupport (3.2.6) lib/active_support/callbacks.rb:81:in `run_callbacks'
  actionpack (3.2.6) lib/action_dispatch/middleware/callbacks.rb:27:in `call'
  actionpack (3.2.6) lib/action_dispatch/middleware/reloader.rb:65:in `call'
  actionpack (3.2.6) lib/action_dispatch/middleware/remote_ip.rb:31:in `call'
  actionpack (3.2.6) lib/action_dispatch/middleware/debug_exceptions.rb:16:in `call'
  actionpack (3.2.6) lib/action_dispatch/middleware/show_exceptions.rb:56:in `call'
  railties (3.2.6) lib/rails/rack/logger.rb:26:in `call_app'
  railties (3.2.6) lib/rails/rack/logger.rb:16:in `call'
  actionpack (3.2.6) lib/action_dispatch/middleware/request_id.rb:22:in `call'
  rack (1.4.1) lib/rack/methodoverride.rb:21:in `call'
  rack (1.4.1) lib/rack/runtime.rb:17:in `call'
  activesupport (3.2.6) lib/active_support/cache/strategy/local_cache.rb:72:in `call'
  rack (1.4.1) lib/rack/lock.rb:15:in `call'
  actionpack (3.2.6) lib/action_dispatch/middleware/static.rb:62:in `call'
  railties (3.2.6) lib/rails/engine.rb:479:in `call'
  railties (3.2.6) lib/rails/application.rb:220:in `call'
  rack (1.4.1) lib/rack/content_length.rb:14:in `call'
  railties (3.2.6) lib/rails/rack/log_tailer.rb:17:in `call'
  rack (1.4.1) lib/rack/handler/webrick.rb:59:in `service'
  /usr/local/rvm/rubies/ruby-1.9.3-p194/lib/ruby/1.9.1/webrick/httpserver.rb:138:in `service'
  /usr/local/rvm/rubies/ruby-1.9.3-p194/lib/ruby/1.9.1/webrick/httpserver.rb:94:in `run'
  /usr/local/rvm/rubies/ruby-1.9.3-p194/lib/ruby/1.9.1/webrick/server.rb:191:in `block in start_thread'


  Rendered /usr/local/rvm/gems/ruby-1.9.3-p194/gems/actionpack-3.2.6/lib/action_dispatch/middleware/templates/rescues/_trace.erb (3.7ms)
  Rendered /usr/local/rvm/gems/ruby-1.9.3-p194/gems/actionpack-3.2.6/lib/action_dispatch/middleware/templates/rescues/_request_and_response.erb (1.2ms)
  Rendered /usr/local/rvm/gems/ruby-1.9.3-p194/gems/actionpack-3.2.6/lib/action_dispatch/middleware/templates/rescues/diagnostics.erb within rescues/layout (12.1ms)


Started GET "/chat/index" for 127.0.0.1 at 2012-07-28 22:54:36 -0400
Processing by ChatController#index as HTML
  Rendered chat/index.html.erb within layouts/application (0.4ms)
Completed 200 OK in 7ms (Views: 7.1ms | ActiveRecord: 0.0ms)


Started GET "/assets/application.css?body=1" for 127.0.0.1 at 2012-07-28 22:54:36 -0400
Served asset /application.css - 304 Not Modified (0ms)


Started GET "/assets/chat.css?body=1" for 127.0.0.1 at 2012-07-28 22:54:36 -0400
Served asset /chat.css - 304 Not Modified (0ms)


Started GET "/assets/chat.js?body=1" for 127.0.0.1 at 2012-07-28 22:54:36 -0400
Served asset /chat.js - 304 Not Modified (0ms)


Started GET "/assets/application.js?body=1" for 127.0.0.1 at 2012-07-28 22:54:36 -0400
Served asset /application.js - 304 Not Modified (0ms)


Started POST "/chat/new_message" for 127.0.0.1 at 2012-07-28 22:54:39 -0400
Processing by ChatController#new_message as HTML
  Parameters: {"message"=>"test"}
  Rendered text template (0.0ms)
Completed 200 OK in 548ms (Views: 0.9ms | ActiveRecord: 0.0ms)


Started POST "/chat/new_message" for 127.0.0.1 at 2012-07-28 22:54:41 -0400
Processing by ChatController#new_message as HTML
  Parameters: {"message"=>"xx"}
  Rendered text template (0.0ms)
Completed 200 OK in 101ms (Views: 0.4ms | ActiveRecord: 0.0ms)


Started GET "/chat/index" for 127.0.0.1 at 2012-07-28 23:10:25 -0400
Processing by ChatController#index as HTML
Completed 500 Internal Server Error in 8ms

NameError (undefined local variable or method `ip' for #<ChatController:0x007fe893634678>):
  app/controllers/chat_controller.rb:7:in `index'


  Rendered /usr/local/rvm/gems/ruby-1.9.3-p194/gems/actionpack-3.2.6/lib/action_dispatch/middleware/templates/rescues/_trace.erb (6.5ms)
  Rendered /usr/local/rvm/gems/ruby-1.9.3-p194/gems/actionpack-3.2.6/lib/action_dispatch/middleware/templates/rescues/_request_and_response.erb (25.7ms)
  Rendered /usr/local/rvm/gems/ruby-1.9.3-p194/gems/actionpack-3.2.6/lib/action_dispatch/middleware/templates/rescues/diagnostics.erb within rescues/layout (49.0ms)


Started GET "/chat/index" for 127.0.0.1 at 2012-07-28 23:10:36 -0400
Processing by ChatController#index as HTML
  [1m[36mUser Load (31.8ms)[0m  [1mSELECT `users`.* FROM `users` WHERE (ip = '127.0.0.1')[0m
  [1m[35m (18.6ms)[0m  BEGIN
  [1m[36mSQL (70.6ms)[0m  [1mINSERT INTO `users` (`created_at`, `ip`, `password`, `updated_at`, `username`) VALUES ('2012-07-29 03:10:37', '127.0.0.1', NULL, '2012-07-29 03:10:37', NULL)[0m
  [1m[35m (37.7ms)[0m  COMMIT
  [1m[36mUser Load (0.4ms)[0m  [1mSELECT `users`.* FROM `users` WHERE (ip = '127.0.0.1') LIMIT 1[0m
  Rendered chat/index.html.erb within layouts/application (0.1ms)
Completed 200 OK in 716ms (Views: 75.5ms | ActiveRecord: 248.2ms)


Started GET "/assets/application.css?body=1" for 127.0.0.1 at 2012-07-28 23:10:37 -0400
Served asset /application.css - 304 Not Modified (0ms)


Started GET "/assets/chat.css?body=1" for 127.0.0.1 at 2012-07-28 23:10:37 -0400
Served asset /chat.css - 304 Not Modified (0ms)


Started GET "/assets/application.js?body=1" for 127.0.0.1 at 2012-07-28 23:10:37 -0400
Served asset /application.js - 304 Not Modified (0ms)


Started GET "/assets/chat.js?body=1" for 127.0.0.1 at 2012-07-28 23:10:37 -0400
Served asset /chat.js - 304 Not Modified (0ms)


Started POST "/chat/new_message" for 127.0.0.1 at 2012-07-28 23:10:45 -0400
Processing by ChatController#new_message as HTML
  Parameters: {"message"=>"test user."}
Completed 500 Internal Server Error in 96ms

NameError (undefined local variable or method `usrid' for #<ChatController:0x007fe8935bb408>):
  app/controllers/chat_controller.rb:25:in `new_message'


  Rendered /usr/local/rvm/gems/ruby-1.9.3-p194/gems/actionpack-3.2.6/lib/action_dispatch/middleware/templates/rescues/_trace.erb (3.9ms)
  Rendered /usr/local/rvm/gems/ruby-1.9.3-p194/gems/actionpack-3.2.6/lib/action_dispatch/middleware/templates/rescues/_request_and_response.erb (1.3ms)
  Rendered /usr/local/rvm/gems/ruby-1.9.3-p194/gems/actionpack-3.2.6/lib/action_dispatch/middleware/templates/rescues/diagnostics.erb within rescues/layout (12.0ms)


Started GET "/chat/index" for 127.0.0.1 at 2012-07-28 23:11:43 -0400
Processing by ChatController#index as HTML
  [1m[35mUser Load (0.3ms)[0m  SELECT `users`.* FROM `users` WHERE (ip = '127.0.0.1')
  Rendered chat/index.html.erb within layouts/application (0.0ms)
Completed 200 OK in 22ms (Views: 6.0ms | ActiveRecord: 2.8ms)


Started GET "/assets/application.css?body=1" for 127.0.0.1 at 2012-07-28 23:11:43 -0400
Served asset /application.css - 304 Not Modified (0ms)


Started GET "/assets/chat.js?body=1" for 127.0.0.1 at 2012-07-28 23:11:43 -0400
Served asset /chat.js - 304 Not Modified (0ms)


Started GET "/assets/application.js?body=1" for 127.0.0.1 at 2012-07-28 23:11:43 -0400
Served asset /application.js - 304 Not Modified (0ms)


Started GET "/assets/chat.css?body=1" for 127.0.0.1 at 2012-07-28 23:11:43 -0400
Served asset /chat.css - 304 Not Modified (0ms)


Started POST "/chat/new_message" for 127.0.0.1 at 2012-07-28 23:11:46 -0400
Processing by ChatController#new_message as HTML
  Parameters: {"message"=>"test user"}
  [1m[36m (0.1ms)[0m  [1mBEGIN[0m
  [1m[35mSQL (36.3ms)[0m  INSERT INTO `messages` (`created_at`, `message`, `room_id`, `updated_at`, `user_id`) VALUES ('2012-07-29 03:11:46', 'test user', NULL, '2012-07-29 03:11:46', 1)
  [1m[36m (0.5ms)[0m  [1mCOMMIT[0m
  Rendered text template (0.0ms)
Completed 200 OK in 599ms (Views: 1.0ms | ActiveRecord: 39.6ms)
